<?xml version="1.0" encoding="UTF-8"?>
<!-- Generated by org.testng.reporters.JUnitXMLReporter -->
<testsuite hostname="PRINHYLTPHP0981" ignored="0" name="Command line test" tests="9" failures="2" timestamp="10 Jan 2020 04:34:06 GMT" time="8.33" errors="0">
  <testcase name="@BeforeMethod loadBeforeMethod" time="0.0" classname="com.test.SampleTest">
    <failure type="org.testng.TestNGException" message="
Parameter &amp;apos;firstTimeZone&amp;apos; is required by BeforeMethod on method loadBeforeMethod but has not been marked @Optional or defined
">
      <![CDATA[org.testng.TestNGException: 
Parameter 'firstTimeZone' is required by BeforeMethod on method loadBeforeMethod but has not been marked @Optional or defined

... Removed 35 stack frames]]>
    </failure>
  </testcase> <!-- @BeforeMethod loadBeforeMethod -->
  <testcase name="@BeforeMethod loadBeforeMethod" time="0.0" classname="com.test.SampleTest">
    <skipped/>
  </testcase> <!-- @BeforeMethod loadBeforeMethod -->
  <testcase name="@BeforeMethod loadBeforeMethod" time="0.0" classname="com.test.SampleTest">
    <skipped/>
  </testcase> <!-- @BeforeMethod loadBeforeMethod -->
  <testcase name="@BeforeMethod loadBeforeMethod" time="0.0" classname="com.test.SampleTest">
    <skipped/>
  </testcase> <!-- @BeforeMethod loadBeforeMethod -->
  <testcase name="@BeforeMethod loadBeforeMethod" time="0.0" classname="com.test.SampleTest">
    <skipped/>
  </testcase> <!-- @BeforeMethod loadBeforeMethod -->
  <testcase name="@BeforeMethod loadBeforeMethod" time="0.0" classname="com.test.SampleTest">
    <skipped/>
  </testcase> <!-- @BeforeMethod loadBeforeMethod -->
  <testcase name="@AfterClass exit" time="0.0" classname="com.test.SampleTest">
    <skipped/>
  </testcase> <!-- @AfterClass exit -->
  <testcase name="gettingLocalTime" time="2.94" classname="com.test1.LocaleTimeTest"/>
  <testcase name="addFirstCity" time="0.0" classname="com.test.SampleTest">
    <failure type="org.testng.TestNGException" message="
Parameter &amp;apos;firstTimeZone&amp;apos; is required by @Test on method addFirstCity but has not been marked @Optional or defined
">
      <![CDATA[org.testng.TestNGException: 
Parameter 'firstTimeZone' is required by @Test on method addFirstCity but has not been marked @Optional or defined

... Removed 34 stack frames]]>
    </failure>
  </testcase> <!-- addFirstCity -->
  <testcase name="addSecondCity" time="0.0" classname="com.test.SampleTest">
    <failure type="org.testng.TestNGException" message="
Parameter &amp;apos;secondTimeZone&amp;apos; is required by @Test on method addSecondCity but has not been marked @Optional or defined
">
      <![CDATA[org.testng.TestNGException: 
Parameter 'secondTimeZone' is required by @Test on method addSecondCity but has not been marked @Optional or defined

... Removed 34 stack frames]]>
    </failure>
  </testcase> <!-- addSecondCity -->
  <testcase name="deleteTimeZone" time="0.0" classname="com.test.SampleTest">
    <skipped/>
  </testcase> <!-- deleteTimeZone -->
  <testcase name="modifyDate" time="0.0" classname="com.test.SampleTest">
    <skipped/>
  </testcase> <!-- modifyDate -->
  <testcase name="pageTitle" time="0.0" classname="com.test.SampleTest">
    <skipped/>
  </testcase> <!-- pageTitle -->
  <testcase name="permanantLink" time="0.0" classname="com.test.SampleTest">
    <skipped/>
  </testcase> <!-- permanantLink -->
  <testcase name="swapButton" time="0.0" classname="com.test.SampleTest">
    <skipped/>
  </testcase> <!-- swapButton -->
  <testcase name="timeDifference" time="0.0" classname="com.test.SampleTest">
    <skipped/>
  </testcase> <!-- timeDifference -->
</testsuite> <!-- Command line test -->
